2021-08-11 10:34:24,067 INFO  [main] org.springframework.cloud.config.client.ConfigServicePropertySourceLocator : Fetching config from server at : http://localhost:8888
2021-08-11 10:34:26,345 INFO  [main] org.springframework.cloud.config.client.ConfigServicePropertySourceLocator : Connect Timeout Exception on Url - http://localhost:8888. Will be trying the next url if available
2021-08-11 10:34:26,346 WARN  [main] org.springframework.cloud.config.client.ConfigServicePropertySourceLocator : Could not locate PropertySource: I/O error on GET request for "http://localhost:8888/application/default": Connection refused: connect; nested exception is java.net.ConnectException: Connection refused: connect
2021-08-11 10:34:26,352 INFO  [main] com.mids.auth.role.AuthRoleServiceApplication : No active profile set, falling back to default profiles: default
2021-08-11 10:34:28,508 INFO  [main] org.springframework.data.repository.config.RepositoryConfigurationDelegate : Bootstrapping Spring Data JPA repositories in DEFAULT mode.
2021-08-11 10:34:28,622 INFO  [main] org.springframework.data.repository.config.RepositoryConfigurationDelegate : Finished Spring Data repository scanning in 101 ms. Found 2 JPA repository interfaces.
2021-08-11 10:34:29,170 INFO  [main] org.springframework.cloud.context.scope.GenericScope : BeanFactory id=bcdc7fe0-2ed6-3241-92a0-77021e90237a
2021-08-11 10:34:29,467 INFO  [main] org.springframework.context.support.PostProcessorRegistrationDelegate$BeanPostProcessorChecker : Bean 'org.springframework.security.access.expression.method.DefaultMethodSecurityExpressionHandler@26a4f9ed' of type [org.springframework.security.oauth2.provider.expression.OAuth2MethodSecurityExpressionHandler] is not eligible for getting processed by all BeanPostProcessors (for example: not eligible for auto-proxying)
2021-08-11 10:34:29,475 INFO  [main] org.springframework.context.support.PostProcessorRegistrationDelegate$BeanPostProcessorChecker : Bean 'methodSecurityMetadataSource' of type [org.springframework.security.access.method.DelegatingMethodSecurityMetadataSource] is not eligible for getting processed by all BeanPostProcessors (for example: not eligible for auto-proxying)
2021-08-11 10:34:30,109 INFO  [main] org.springframework.boot.web.embedded.tomcat.TomcatWebServer : Tomcat initialized with port(s): 8080 (http)
2021-08-11 10:34:30,135 INFO  [main] org.apache.catalina.core.StandardService : Starting service [Tomcat]
2021-08-11 10:34:30,136 INFO  [main] org.apache.catalina.core.StandardEngine : Starting Servlet engine: [Apache Tomcat/9.0.50]
2021-08-11 10:34:30,504 INFO  [main] org.apache.catalina.core.ContainerBase.[Tomcat].[localhost].[/] : Initializing Spring embedded WebApplicationContext
2021-08-11 10:34:30,505 INFO  [main] org.springframework.boot.web.servlet.context.ServletWebServerApplicationContext : Root WebApplicationContext: initialization completed in 4096 ms
2021-08-11 10:34:30,806 INFO  [main] com.zaxxer.hikari.HikariDataSource : HikariPool-1 - Starting...
2021-08-11 10:34:31,335 INFO  [main] com.zaxxer.hikari.HikariDataSource : HikariPool-1 - Start completed.
2021-08-11 10:34:33,750 INFO  [main] liquibase.lockservice : Successfully acquired change log lock
2021-08-11 10:34:34,384 INFO  [main] liquibase.changelog : Reading from public.databasechangelog
2021-08-11 10:34:34,452 INFO  [main] liquibase.lockservice : Successfully released change log lock
2021-08-11 10:34:34,466 INFO  [main] liquibase.lockservice : Successfully acquired change log lock
2021-08-11 10:34:34,469 WARN  [main] liquibase.hub : Skipping auto-registration
2021-08-11 10:34:34,484 INFO  [main] liquibase.lockservice : Successfully released change log lock
2021-08-11 10:34:38,269 INFO  [main] org.springframework.orm.jpa.LocalContainerEntityManagerFactoryBean : Initialized JPA EntityManagerFactory for persistence unit 'default'
2021-08-11 10:34:38,383 WARN  [main] org.springframework.boot.autoconfigure.orm.jpa.JpaBaseConfiguration$JpaWebConfiguration : spring.jpa.open-in-view is enabled by default. Therefore, database queries may be performed during view rendering. Explicitly configure spring.jpa.open-in-view to disable this warning
2021-08-11 10:34:40,966 INFO  [main] springfox.documentation.spring.web.PropertySourcedRequestMappingHandlerMapping : Mapped URL path [/v2/api-docs] onto method [springfox.documentation.swagger2.web.Swagger2Controller#getDocumentation(String, HttpServletRequest)]
2021-08-11 10:34:41,135 INFO  [main] org.springframework.boot.autoconfigure.security.servlet.UserDetailsServiceAutoConfiguration : 

Using generated security password: a71973a9-5828-4225-8527-b96480fc685e

2021-08-11 10:34:41,684 INFO  [main] org.springframework.security.web.DefaultSecurityFilterChain : Will secure any request with [org.springframework.security.web.context.request.async.WebAsyncManagerIntegrationFilter@1635e239, org.springframework.security.web.context.SecurityContextPersistenceFilter@12ebfc66, org.springframework.security.web.header.HeaderWriterFilter@4f290f46, org.springframework.web.filter.CorsFilter@5d27a744, org.springframework.security.web.authentication.logout.LogoutFilter@71c9c7f3, org.springframework.security.web.savedrequest.RequestCacheAwareFilter@5b1dd206, org.springframework.security.web.servletapi.SecurityContextHolderAwareRequestFilter@1d0695da, org.springframework.security.web.authentication.AnonymousAuthenticationFilter@41185195, org.springframework.security.web.session.SessionManagementFilter@9930ff6, org.springframework.security.web.access.ExceptionTranslationFilter@2e903c69, org.springframework.security.web.access.intercept.FilterSecurityInterceptor@790bd0e]
2021-08-11 10:34:43,783 INFO  [main] org.springframework.boot.web.embedded.tomcat.TomcatWebServer : Tomcat started on port(s): 8080 (http) with context path ''
2021-08-11 10:34:44,996 INFO  [main] springfox.documentation.spring.web.plugins.DocumentationPluginsBootstrapper : Context refreshed
2021-08-11 10:34:45,043 INFO  [main] springfox.documentation.spring.web.plugins.DocumentationPluginsBootstrapper : Found 1 custom documentation plugin(s)
2021-08-11 10:34:45,183 INFO  [main] springfox.documentation.spring.web.scanners.ApiListingReferenceScanner : Scanning for api listing references
2021-08-11 10:34:45,417 INFO  [main] springfox.documentation.spring.web.readers.operation.CachingOperationNameGenerator : Generating unique operation named: deletePermissionUsingDELETE_1
2021-08-11 10:34:45,452 INFO  [main] springfox.documentation.spring.web.readers.operation.CachingOperationNameGenerator : Generating unique operation named: getPermissionByApplicationIdUsingGET_1
2021-08-11 10:34:45,518 INFO  [main] springfox.documentation.spring.web.readers.operation.CachingOperationNameGenerator : Generating unique operation named: deleteRoleUsingDELETE_1
2021-08-11 10:34:45,580 INFO  [main] com.mids.auth.role.AuthRoleServiceApplication : Started AuthRoleServiceApplication in 26.61 seconds (JVM running for 29.231)
2021-08-11 10:35:41,476 INFO  [http-nio-8080-exec-1] org.apache.catalina.core.ContainerBase.[Tomcat].[localhost].[/] : Initializing Spring DispatcherServlet 'dispatcherServlet'
2021-08-11 10:35:41,718 ERROR [http-nio-8080-exec-1] com.mids.auth.role.exception.GlobalExceptionHandler : HV000030: No validator could be found for constraint 'javax.validation.constraints.NotBlank' validating type 'java.lang.Integer'. Check configuration for 'applicationId'
2021-08-11 10:36:32,298 ERROR [http-nio-8080-exec-4] com.mids.auth.role.exception.GlobalExceptionHandler : HV000030: No validator could be found for constraint 'javax.validation.constraints.NotBlank' validating type 'java.lang.Integer'. Check configuration for 'applicationId'
2021-08-11 10:37:38,891 INFO  [RMI TCP Connection(8)-127.0.0.1] org.springframework.boot.admin.SpringApplicationAdminMXBeanRegistrar$SpringApplicationAdmin : Application shutdown requested.
2021-08-11 10:37:39,604 INFO  [RMI TCP Connection(8)-127.0.0.1] org.apache.catalina.core.StandardService : Stopping service [Tomcat]
2021-08-11 10:37:39,610 INFO  [RMI TCP Connection(8)-127.0.0.1] org.apache.catalina.core.ContainerBase.[Tomcat].[localhost].[/] : Destroying Spring FrameworkServlet 'dispatcherServlet'
2021-08-11 10:37:39,641 INFO  [RMI TCP Connection(8)-127.0.0.1] org.springframework.orm.jpa.LocalContainerEntityManagerFactoryBean : Closing JPA EntityManagerFactory for persistence unit 'default'
2021-08-11 10:37:39,648 INFO  [RMI TCP Connection(8)-127.0.0.1] com.zaxxer.hikari.HikariDataSource : HikariPool-1 - Shutdown initiated...
2021-08-11 10:37:39,677 INFO  [RMI TCP Connection(8)-127.0.0.1] com.zaxxer.hikari.HikariDataSource : HikariPool-1 - Shutdown completed.
2021-08-11 10:38:40,194 INFO  [main] org.springframework.cloud.config.client.ConfigServicePropertySourceLocator : Fetching config from server at : http://localhost:8888
2021-08-11 10:38:42,538 INFO  [main] org.springframework.cloud.config.client.ConfigServicePropertySourceLocator : Connect Timeout Exception on Url - http://localhost:8888. Will be trying the next url if available
2021-08-11 10:38:42,539 WARN  [main] org.springframework.cloud.config.client.ConfigServicePropertySourceLocator : Could not locate PropertySource: I/O error on GET request for "http://localhost:8888/application/default": Connection refused: connect; nested exception is java.net.ConnectException: Connection refused: connect
2021-08-11 10:38:42,572 INFO  [main] com.mids.auth.role.AuthRoleServiceApplicationTests : No active profile set, falling back to default profiles: default
2021-08-11 10:38:46,174 INFO  [main] org.springframework.data.repository.config.RepositoryConfigurationDelegate : Bootstrapping Spring Data JPA repositories in DEFAULT mode.
2021-08-11 10:38:46,530 INFO  [main] org.springframework.data.repository.config.RepositoryConfigurationDelegate : Finished Spring Data repository scanning in 322 ms. Found 2 JPA repository interfaces.
2021-08-11 10:38:47,999 INFO  [main] org.springframework.cloud.context.scope.GenericScope : BeanFactory id=74d984a3-8a54-3afc-ad81-02825fffa8e2
2021-08-11 10:38:48,871 INFO  [main] org.springframework.context.support.PostProcessorRegistrationDelegate$BeanPostProcessorChecker : Bean 'org.springframework.security.access.expression.method.DefaultMethodSecurityExpressionHandler@54be6213' of type [org.springframework.security.oauth2.provider.expression.OAuth2MethodSecurityExpressionHandler] is not eligible for getting processed by all BeanPostProcessors (for example: not eligible for auto-proxying)
2021-08-11 10:38:48,905 INFO  [main] org.springframework.context.support.PostProcessorRegistrationDelegate$BeanPostProcessorChecker : Bean 'methodSecurityMetadataSource' of type [org.springframework.security.access.method.DelegatingMethodSecurityMetadataSource] is not eligible for getting processed by all BeanPostProcessors (for example: not eligible for auto-proxying)
2021-08-11 10:38:49,263 INFO  [main] com.zaxxer.hikari.HikariDataSource : HikariPool-1 - Starting...
2021-08-11 10:38:50,875 INFO  [main] com.zaxxer.hikari.HikariDataSource : HikariPool-1 - Start completed.
2021-08-11 10:38:52,969 INFO  [main] liquibase.lockservice : Successfully acquired change log lock
2021-08-11 10:38:53,755 INFO  [main] liquibase.changelog : Reading from public.databasechangelog
2021-08-11 10:38:53,852 INFO  [main] liquibase.lockservice : Successfully released change log lock
2021-08-11 10:38:53,877 INFO  [main] liquibase.lockservice : Successfully acquired change log lock
2021-08-11 10:38:53,882 WARN  [main] liquibase.hub : Skipping auto-registration
2021-08-11 10:38:53,927 INFO  [main] liquibase.lockservice : Successfully released change log lock
2021-08-11 10:38:58,338 INFO  [main] org.springframework.orm.jpa.LocalContainerEntityManagerFactoryBean : Initialized JPA EntityManagerFactory for persistence unit 'default'
2021-08-11 10:38:58,627 WARN  [main] org.springframework.boot.autoconfigure.orm.jpa.JpaBaseConfiguration$JpaWebConfiguration : spring.jpa.open-in-view is enabled by default. Therefore, database queries may be performed during view rendering. Explicitly configure spring.jpa.open-in-view to disable this warning
2021-08-11 10:39:02,660 INFO  [main] springfox.documentation.spring.web.PropertySourcedRequestMappingHandlerMapping : Mapped URL path [/v2/api-docs] onto method [springfox.documentation.swagger2.web.Swagger2Controller#getDocumentation(String, HttpServletRequest)]
2021-08-11 10:39:03,089 INFO  [main] org.springframework.boot.autoconfigure.security.servlet.UserDetailsServiceAutoConfiguration : 

Using generated security password: cc451c99-3c0e-4ea8-afe1-9c5ad294672f

2021-08-11 10:39:04,918 INFO  [main] org.springframework.security.web.DefaultSecurityFilterChain : Will secure any request with [org.springframework.security.web.context.request.async.WebAsyncManagerIntegrationFilter@492d0748, org.springframework.security.web.context.SecurityContextPersistenceFilter@4eba6e1f, org.springframework.security.web.header.HeaderWriterFilter@7197b96c, org.springframework.web.filter.CorsFilter@6a4ba6f4, org.springframework.security.web.authentication.logout.LogoutFilter@121ec5c2, org.springframework.security.web.savedrequest.RequestCacheAwareFilter@5565d718, org.springframework.security.web.servletapi.SecurityContextHolderAwareRequestFilter@27df4dcb, org.springframework.security.web.authentication.AnonymousAuthenticationFilter@3e0eb917, org.springframework.security.web.session.SessionManagementFilter@7c2d4398, org.springframework.security.web.access.ExceptionTranslationFilter@38c840fb, org.springframework.security.web.access.intercept.FilterSecurityInterceptor@5e91b051]
2021-08-11 10:39:07,787 INFO  [main] springfox.documentation.spring.web.plugins.DocumentationPluginsBootstrapper : Context refreshed
2021-08-11 10:39:07,863 INFO  [main] springfox.documentation.spring.web.plugins.DocumentationPluginsBootstrapper : Found 1 custom documentation plugin(s)
2021-08-11 10:39:07,948 INFO  [main] springfox.documentation.spring.web.scanners.ApiListingReferenceScanner : Scanning for api listing references
2021-08-11 10:39:08,139 INFO  [main] springfox.documentation.spring.web.readers.operation.CachingOperationNameGenerator : Generating unique operation named: deletePermissionUsingDELETE_1
2021-08-11 10:39:08,254 INFO  [main] springfox.documentation.spring.web.readers.operation.CachingOperationNameGenerator : Generating unique operation named: getPermissionByApplicationIdUsingGET_1
2021-08-11 10:39:08,360 INFO  [main] springfox.documentation.spring.web.readers.operation.CachingOperationNameGenerator : Generating unique operation named: deleteRoleUsingDELETE_1
2021-08-11 10:39:08,447 INFO  [main] com.mids.auth.role.AuthRoleServiceApplicationTests : Started AuthRoleServiceApplicationTests in 33.832 seconds (JVM running for 37.166)
2021-08-11 10:39:08,825 INFO  [SpringApplicationShutdownHook] org.springframework.orm.jpa.LocalContainerEntityManagerFactoryBean : Closing JPA EntityManagerFactory for persistence unit 'default'
2021-08-11 10:39:08,831 INFO  [SpringApplicationShutdownHook] com.zaxxer.hikari.HikariDataSource : HikariPool-1 - Shutdown initiated...
2021-08-11 10:39:08,860 INFO  [SpringApplicationShutdownHook] com.zaxxer.hikari.HikariDataSource : HikariPool-1 - Shutdown completed.
2021-08-11 10:39:46,308 INFO  [main] org.springframework.cloud.config.client.ConfigServicePropertySourceLocator : Fetching config from server at : http://localhost:8888
2021-08-11 10:39:48,791 INFO  [main] org.springframework.cloud.config.client.ConfigServicePropertySourceLocator : Connect Timeout Exception on Url - http://localhost:8888. Will be trying the next url if available
2021-08-11 10:39:48,792 WARN  [main] org.springframework.cloud.config.client.ConfigServicePropertySourceLocator : Could not locate PropertySource: I/O error on GET request for "http://localhost:8888/application/default": Connection refused: connect; nested exception is java.net.ConnectException: Connection refused: connect
2021-08-11 10:39:48,797 INFO  [main] com.mids.auth.role.AuthRoleServiceApplication : No active profile set, falling back to default profiles: default
2021-08-11 10:39:51,228 INFO  [main] org.springframework.data.repository.config.RepositoryConfigurationDelegate : Bootstrapping Spring Data JPA repositories in DEFAULT mode.
2021-08-11 10:39:51,417 INFO  [main] org.springframework.data.repository.config.RepositoryConfigurationDelegate : Finished Spring Data repository scanning in 169 ms. Found 2 JPA repository interfaces.
2021-08-11 10:39:52,090 INFO  [main] org.springframework.cloud.context.scope.GenericScope : BeanFactory id=bcdc7fe0-2ed6-3241-92a0-77021e90237a
2021-08-11 10:39:52,554 INFO  [main] org.springframework.context.support.PostProcessorRegistrationDelegate$BeanPostProcessorChecker : Bean 'org.springframework.security.access.expression.method.DefaultMethodSecurityExpressionHandler@21d9cd04' of type [org.springframework.security.oauth2.provider.expression.OAuth2MethodSecurityExpressionHandler] is not eligible for getting processed by all BeanPostProcessors (for example: not eligible for auto-proxying)
2021-08-11 10:39:52,563 INFO  [main] org.springframework.context.support.PostProcessorRegistrationDelegate$BeanPostProcessorChecker : Bean 'methodSecurityMetadataSource' of type [org.springframework.security.access.method.DelegatingMethodSecurityMetadataSource] is not eligible for getting processed by all BeanPostProcessors (for example: not eligible for auto-proxying)
2021-08-11 10:39:53,258 INFO  [main] org.springframework.boot.web.embedded.tomcat.TomcatWebServer : Tomcat initialized with port(s): 8080 (http)
2021-08-11 10:39:53,295 INFO  [main] org.apache.catalina.core.StandardService : Starting service [Tomcat]
2021-08-11 10:39:53,296 INFO  [main] org.apache.catalina.core.StandardEngine : Starting Servlet engine: [Apache Tomcat/9.0.50]
2021-08-11 10:39:53,796 INFO  [main] org.apache.catalina.core.ContainerBase.[Tomcat].[localhost].[/] : Initializing Spring embedded WebApplicationContext
2021-08-11 10:39:53,796 INFO  [main] org.springframework.boot.web.servlet.context.ServletWebServerApplicationContext : Root WebApplicationContext: initialization completed in 4961 ms
2021-08-11 10:39:54,143 INFO  [main] com.zaxxer.hikari.HikariDataSource : HikariPool-1 - Starting...
2021-08-11 10:39:54,847 INFO  [main] com.zaxxer.hikari.HikariDataSource : HikariPool-1 - Start completed.
2021-08-11 10:39:56,964 INFO  [main] liquibase.lockservice : Successfully acquired change log lock
2021-08-11 10:39:57,628 INFO  [main] liquibase.changelog : Reading from public.databasechangelog
2021-08-11 10:39:57,691 INFO  [main] liquibase.lockservice : Successfully released change log lock
2021-08-11 10:39:57,701 INFO  [main] liquibase.lockservice : Successfully acquired change log lock
2021-08-11 10:39:57,704 WARN  [main] liquibase.hub : Skipping auto-registration
2021-08-11 10:39:57,718 INFO  [main] liquibase.lockservice : Successfully released change log lock
2021-08-11 10:40:01,291 INFO  [main] org.springframework.orm.jpa.LocalContainerEntityManagerFactoryBean : Initialized JPA EntityManagerFactory for persistence unit 'default'
2021-08-11 10:40:01,358 WARN  [main] org.springframework.boot.autoconfigure.orm.jpa.JpaBaseConfiguration$JpaWebConfiguration : spring.jpa.open-in-view is enabled by default. Therefore, database queries may be performed during view rendering. Explicitly configure spring.jpa.open-in-view to disable this warning
2021-08-11 10:40:03,950 INFO  [main] springfox.documentation.spring.web.PropertySourcedRequestMappingHandlerMapping : Mapped URL path [/v2/api-docs] onto method [springfox.documentation.swagger2.web.Swagger2Controller#getDocumentation(String, HttpServletRequest)]
2021-08-11 10:40:04,203 INFO  [main] org.springframework.boot.autoconfigure.security.servlet.UserDetailsServiceAutoConfiguration : 

Using generated security password: 286625a1-d278-440e-9fa2-1eea4b487bc2

2021-08-11 10:40:05,052 INFO  [main] org.springframework.security.web.DefaultSecurityFilterChain : Will secure any request with [org.springframework.security.web.context.request.async.WebAsyncManagerIntegrationFilter@3c380db5, org.springframework.security.web.context.SecurityContextPersistenceFilter@33c590, org.springframework.security.web.header.HeaderWriterFilter@237e4ed9, org.springframework.web.filter.CorsFilter@5df17e60, org.springframework.security.web.authentication.logout.LogoutFilter@4a609803, org.springframework.security.web.savedrequest.RequestCacheAwareFilter@1934a7c1, org.springframework.security.web.servletapi.SecurityContextHolderAwareRequestFilter@301608d, org.springframework.security.web.authentication.AnonymousAuthenticationFilter@f9d7d3f, org.springframework.security.web.session.SessionManagementFilter@4086e003, org.springframework.security.web.access.ExceptionTranslationFilter@28b36817, org.springframework.security.web.access.intercept.FilterSecurityInterceptor@33903444]
2021-08-11 10:40:07,260 INFO  [main] org.springframework.boot.web.embedded.tomcat.TomcatWebServer : Tomcat started on port(s): 8080 (http) with context path ''
2021-08-11 10:40:08,102 INFO  [main] springfox.documentation.spring.web.plugins.DocumentationPluginsBootstrapper : Context refreshed
2021-08-11 10:40:08,146 INFO  [main] springfox.documentation.spring.web.plugins.DocumentationPluginsBootstrapper : Found 1 custom documentation plugin(s)
2021-08-11 10:40:08,233 INFO  [main] springfox.documentation.spring.web.scanners.ApiListingReferenceScanner : Scanning for api listing references
2021-08-11 10:40:08,599 INFO  [main] springfox.documentation.spring.web.readers.operation.CachingOperationNameGenerator : Generating unique operation named: deletePermissionUsingDELETE_1
2021-08-11 10:40:08,665 INFO  [main] springfox.documentation.spring.web.readers.operation.CachingOperationNameGenerator : Generating unique operation named: getPermissionByApplicationIdUsingGET_1
2021-08-11 10:40:08,720 INFO  [main] springfox.documentation.spring.web.readers.operation.CachingOperationNameGenerator : Generating unique operation named: deleteRoleUsingDELETE_1
2021-08-11 10:40:08,830 INFO  [main] com.mids.auth.role.AuthRoleServiceApplication : Started AuthRoleServiceApplication in 29.326 seconds (JVM running for 33.847)
2021-08-11 10:40:14,500 INFO  [http-nio-8080-exec-1] org.apache.catalina.core.ContainerBase.[Tomcat].[localhost].[/] : Initializing Spring DispatcherServlet 'dispatcherServlet'
2021-08-11 10:40:14,719 ERROR [http-nio-8080-exec-1] com.mids.auth.role.exception.GlobalExceptionHandler : HV000030: No validator could be found for constraint 'javax.validation.constraints.Size' validating type 'java.lang.Integer'. Check configuration for 'applicationId'
2021-08-11 10:40:19,912 ERROR [http-nio-8080-exec-4] com.mids.auth.role.exception.GlobalExceptionHandler : HV000030: No validator could be found for constraint 'javax.validation.constraints.Size' validating type 'java.lang.Integer'. Check configuration for 'applicationId'
2021-08-11 10:41:24,151 INFO  [RMI TCP Connection(4)-127.0.0.1] org.springframework.boot.admin.SpringApplicationAdminMXBeanRegistrar$SpringApplicationAdmin : Application shutdown requested.
2021-08-11 10:41:24,933 INFO  [RMI TCP Connection(4)-127.0.0.1] org.apache.catalina.core.StandardService : Stopping service [Tomcat]
2021-08-11 10:41:24,937 INFO  [RMI TCP Connection(4)-127.0.0.1] org.apache.catalina.core.ContainerBase.[Tomcat].[localhost].[/] : Destroying Spring FrameworkServlet 'dispatcherServlet'
2021-08-11 10:41:24,966 INFO  [RMI TCP Connection(4)-127.0.0.1] org.springframework.orm.jpa.LocalContainerEntityManagerFactoryBean : Closing JPA EntityManagerFactory for persistence unit 'default'
2021-08-11 10:41:24,972 INFO  [RMI TCP Connection(4)-127.0.0.1] com.zaxxer.hikari.HikariDataSource : HikariPool-1 - Shutdown initiated...
2021-08-11 10:41:25,011 INFO  [RMI TCP Connection(4)-127.0.0.1] com.zaxxer.hikari.HikariDataSource : HikariPool-1 - Shutdown completed.
2021-08-11 10:41:44,601 INFO  [main] org.springframework.cloud.config.client.ConfigServicePropertySourceLocator : Fetching config from server at : http://localhost:8888
2021-08-11 10:41:46,806 INFO  [main] org.springframework.cloud.config.client.ConfigServicePropertySourceLocator : Connect Timeout Exception on Url - http://localhost:8888. Will be trying the next url if available
2021-08-11 10:41:46,807 WARN  [main] org.springframework.cloud.config.client.ConfigServicePropertySourceLocator : Could not locate PropertySource: I/O error on GET request for "http://localhost:8888/application/default": Connection refused: connect; nested exception is java.net.ConnectException: Connection refused: connect
2021-08-11 10:41:46,812 INFO  [main] com.mids.auth.role.AuthRoleServiceApplication : No active profile set, falling back to default profiles: default
2021-08-11 10:41:48,613 INFO  [main] org.springframework.data.repository.config.RepositoryConfigurationDelegate : Bootstrapping Spring Data JPA repositories in DEFAULT mode.
2021-08-11 10:41:48,735 INFO  [main] org.springframework.data.repository.config.RepositoryConfigurationDelegate : Finished Spring Data repository scanning in 105 ms. Found 2 JPA repository interfaces.
2021-08-11 10:41:49,217 INFO  [main] org.springframework.cloud.context.scope.GenericScope : BeanFactory id=bcdc7fe0-2ed6-3241-92a0-77021e90237a
2021-08-11 10:41:49,555 INFO  [main] org.springframework.context.support.PostProcessorRegistrationDelegate$BeanPostProcessorChecker : Bean 'org.springframework.security.access.expression.method.DefaultMethodSecurityExpressionHandler@54326e9' of type [org.springframework.security.oauth2.provider.expression.OAuth2MethodSecurityExpressionHandler] is not eligible for getting processed by all BeanPostProcessors (for example: not eligible for auto-proxying)
2021-08-11 10:41:49,564 INFO  [main] org.springframework.context.support.PostProcessorRegistrationDelegate$BeanPostProcessorChecker : Bean 'methodSecurityMetadataSource' of type [org.springframework.security.access.method.DelegatingMethodSecurityMetadataSource] is not eligible for getting processed by all BeanPostProcessors (for example: not eligible for auto-proxying)
2021-08-11 10:41:50,107 INFO  [main] org.springframework.boot.web.embedded.tomcat.TomcatWebServer : Tomcat initialized with port(s): 8080 (http)
2021-08-11 10:41:50,129 INFO  [main] org.apache.catalina.core.StandardService : Starting service [Tomcat]
2021-08-11 10:41:50,130 INFO  [main] org.apache.catalina.core.StandardEngine : Starting Servlet engine: [Apache Tomcat/9.0.50]
2021-08-11 10:41:50,485 INFO  [main] org.apache.catalina.core.ContainerBase.[Tomcat].[localhost].[/] : Initializing Spring embedded WebApplicationContext
2021-08-11 10:41:50,485 INFO  [main] org.springframework.boot.web.servlet.context.ServletWebServerApplicationContext : Root WebApplicationContext: initialization completed in 3628 ms
2021-08-11 10:41:50,771 INFO  [main] com.zaxxer.hikari.HikariDataSource : HikariPool-1 - Starting...
2021-08-11 10:41:51,183 INFO  [main] com.zaxxer.hikari.HikariDataSource : HikariPool-1 - Start completed.
2021-08-11 10:41:52,679 INFO  [main] liquibase.lockservice : Successfully acquired change log lock
2021-08-11 10:41:53,170 INFO  [main] liquibase.changelog : Reading from public.databasechangelog
2021-08-11 10:41:53,212 INFO  [main] liquibase.lockservice : Successfully released change log lock
2021-08-11 10:41:53,221 INFO  [main] liquibase.lockservice : Successfully acquired change log lock
2021-08-11 10:41:53,223 WARN  [main] liquibase.hub : Skipping auto-registration
2021-08-11 10:41:53,237 INFO  [main] liquibase.lockservice : Successfully released change log lock
2021-08-11 10:41:56,040 INFO  [main] org.springframework.orm.jpa.LocalContainerEntityManagerFactoryBean : Initialized JPA EntityManagerFactory for persistence unit 'default'
2021-08-11 10:41:56,121 WARN  [main] org.springframework.boot.autoconfigure.orm.jpa.JpaBaseConfiguration$JpaWebConfiguration : spring.jpa.open-in-view is enabled by default. Therefore, database queries may be performed during view rendering. Explicitly configure spring.jpa.open-in-view to disable this warning
2021-08-11 10:41:58,078 INFO  [main] springfox.documentation.spring.web.PropertySourcedRequestMappingHandlerMapping : Mapped URL path [/v2/api-docs] onto method [springfox.documentation.swagger2.web.Swagger2Controller#getDocumentation(String, HttpServletRequest)]
2021-08-11 10:41:58,238 INFO  [main] org.springframework.boot.autoconfigure.security.servlet.UserDetailsServiceAutoConfiguration : 

Using generated security password: af4d7b9b-05fd-45ec-9d04-19ba8097a41d

2021-08-11 10:41:58,704 INFO  [main] org.springframework.security.web.DefaultSecurityFilterChain : Will secure any request with [org.springframework.security.web.context.request.async.WebAsyncManagerIntegrationFilter@404a7c61, org.springframework.security.web.context.SecurityContextPersistenceFilter@168f447d, org.springframework.security.web.header.HeaderWriterFilter@1915879c, org.springframework.web.filter.CorsFilter@428e875f, org.springframework.security.web.authentication.logout.LogoutFilter@5d96b0f, org.springframework.security.web.savedrequest.RequestCacheAwareFilter@3cc9bde9, org.springframework.security.web.servletapi.SecurityContextHolderAwareRequestFilter@3a7be6e6, org.springframework.security.web.authentication.AnonymousAuthenticationFilter@1da9f44c, org.springframework.security.web.session.SessionManagementFilter@1ef4179, org.springframework.security.web.access.ExceptionTranslationFilter@450b99f2, org.springframework.security.web.access.intercept.FilterSecurityInterceptor@25f3207e]
2021-08-11 10:42:00,629 INFO  [main] org.springframework.boot.web.embedded.tomcat.TomcatWebServer : Tomcat started on port(s): 8080 (http) with context path ''
2021-08-11 10:42:01,770 INFO  [main] springfox.documentation.spring.web.plugins.DocumentationPluginsBootstrapper : Context refreshed
2021-08-11 10:42:01,842 INFO  [main] springfox.documentation.spring.web.plugins.DocumentationPluginsBootstrapper : Found 1 custom documentation plugin(s)
2021-08-11 10:42:01,943 INFO  [main] springfox.documentation.spring.web.scanners.ApiListingReferenceScanner : Scanning for api listing references
2021-08-11 10:42:02,206 INFO  [main] springfox.documentation.spring.web.readers.operation.CachingOperationNameGenerator : Generating unique operation named: deletePermissionUsingDELETE_1
2021-08-11 10:42:02,237 INFO  [main] springfox.documentation.spring.web.readers.operation.CachingOperationNameGenerator : Generating unique operation named: getPermissionByApplicationIdUsingGET_1
2021-08-11 10:42:02,277 INFO  [main] springfox.documentation.spring.web.readers.operation.CachingOperationNameGenerator : Generating unique operation named: deleteRoleUsingDELETE_1
2021-08-11 10:42:02,344 INFO  [main] com.mids.auth.role.AuthRoleServiceApplication : Started AuthRoleServiceApplication in 21.775 seconds (JVM running for 24.32)
2021-08-11 10:42:10,909 INFO  [http-nio-8080-exec-2] org.apache.catalina.core.ContainerBase.[Tomcat].[localhost].[/] : Initializing Spring DispatcherServlet 'dispatcherServlet'
2021-08-11 10:42:11,346 ERROR [http-nio-8080-exec-2] com.mids.auth.role.exception.GlobalExceptionHandler : Could not commit JPA transaction; nested exception is javax.persistence.RollbackException: Error while committing the transaction
2021-08-11 10:42:16,797 ERROR [http-nio-8080-exec-4] com.mids.auth.role.exception.GlobalExceptionHandler : Could not commit JPA transaction; nested exception is javax.persistence.RollbackException: Error while committing the transaction
2021-08-11 10:43:27,679 ERROR [http-nio-8080-exec-6] com.mids.auth.role.exception.GlobalExceptionHandler : Could not commit JPA transaction; nested exception is javax.persistence.RollbackException: Error while committing the transaction
2021-08-11 10:44:10,033 INFO  [main] org.springframework.cloud.config.client.ConfigServicePropertySourceLocator : Fetching config from server at : http://localhost:8888
2021-08-11 10:44:12,212 INFO  [main] org.springframework.cloud.config.client.ConfigServicePropertySourceLocator : Connect Timeout Exception on Url - http://localhost:8888. Will be trying the next url if available
2021-08-11 10:44:12,213 WARN  [main] org.springframework.cloud.config.client.ConfigServicePropertySourceLocator : Could not locate PropertySource: I/O error on GET request for "http://localhost:8888/application/default": Connection refused: connect; nested exception is java.net.ConnectException: Connection refused: connect
2021-08-11 10:44:12,229 INFO  [main] com.mids.auth.role.AuthRoleServiceApplicationTests : No active profile set, falling back to default profiles: default
2021-08-11 10:44:13,933 INFO  [main] org.springframework.data.repository.config.RepositoryConfigurationDelegate : Bootstrapping Spring Data JPA repositories in DEFAULT mode.
2021-08-11 10:44:14,025 INFO  [main] org.springframework.data.repository.config.RepositoryConfigurationDelegate : Finished Spring Data repository scanning in 81 ms. Found 2 JPA repository interfaces.
2021-08-11 10:44:14,507 INFO  [main] org.springframework.cloud.context.scope.GenericScope : BeanFactory id=74d984a3-8a54-3afc-ad81-02825fffa8e2
2021-08-11 10:44:14,847 INFO  [main] org.springframework.context.support.PostProcessorRegistrationDelegate$BeanPostProcessorChecker : Bean 'org.springframework.security.access.expression.method.DefaultMethodSecurityExpressionHandler@4b5ad306' of type [org.springframework.security.oauth2.provider.expression.OAuth2MethodSecurityExpressionHandler] is not eligible for getting processed by all BeanPostProcessors (for example: not eligible for auto-proxying)
2021-08-11 10:44:14,864 INFO  [main] org.springframework.context.support.PostProcessorRegistrationDelegate$BeanPostProcessorChecker : Bean 'methodSecurityMetadataSource' of type [org.springframework.security.access.method.DelegatingMethodSecurityMetadataSource] is not eligible for getting processed by all BeanPostProcessors (for example: not eligible for auto-proxying)
2021-08-11 10:44:15,086 INFO  [main] com.zaxxer.hikari.HikariDataSource : HikariPool-1 - Starting...
2021-08-11 10:44:15,845 INFO  [main] com.zaxxer.hikari.HikariDataSource : HikariPool-1 - Start completed.
2021-08-11 10:44:16,809 INFO  [main] liquibase.lockservice : Successfully acquired change log lock
2021-08-11 10:44:17,228 INFO  [main] liquibase.changelog : Reading from public.databasechangelog
2021-08-11 10:44:17,262 INFO  [main] liquibase.lockservice : Successfully released change log lock
2021-08-11 10:44:17,268 INFO  [main] liquibase.lockservice : Successfully acquired change log lock
2021-08-11 10:44:17,269 WARN  [main] liquibase.hub : Skipping auto-registration
2021-08-11 10:44:17,277 INFO  [main] liquibase.lockservice : Successfully released change log lock
2021-08-11 10:44:19,178 INFO  [main] org.springframework.orm.jpa.LocalContainerEntityManagerFactoryBean : Initialized JPA EntityManagerFactory for persistence unit 'default'
2021-08-11 10:44:19,251 WARN  [main] org.springframework.boot.autoconfigure.orm.jpa.JpaBaseConfiguration$JpaWebConfiguration : spring.jpa.open-in-view is enabled by default. Therefore, database queries may be performed during view rendering. Explicitly configure spring.jpa.open-in-view to disable this warning
2021-08-11 10:44:20,880 INFO  [main] springfox.documentation.spring.web.PropertySourcedRequestMappingHandlerMapping : Mapped URL path [/v2/api-docs] onto method [springfox.documentation.swagger2.web.Swagger2Controller#getDocumentation(String, HttpServletRequest)]
2021-08-11 10:44:21,009 INFO  [main] org.springframework.boot.autoconfigure.security.servlet.UserDetailsServiceAutoConfiguration : 

Using generated security password: ed56fddd-9719-4514-b9f9-b0fb03d1f927

2021-08-11 10:44:21,458 INFO  [main] org.springframework.security.web.DefaultSecurityFilterChain : Will secure any request with [org.springframework.security.web.context.request.async.WebAsyncManagerIntegrationFilter@3787eac3, org.springframework.security.web.context.SecurityContextPersistenceFilter@63f6811e, org.springframework.security.web.header.HeaderWriterFilter@47858d7c, org.springframework.web.filter.CorsFilter@27a57c66, org.springframework.security.web.authentication.logout.LogoutFilter@450b99f2, org.springframework.security.web.savedrequest.RequestCacheAwareFilter@70c3483b, org.springframework.security.web.servletapi.SecurityContextHolderAwareRequestFilter@d88d9d7, org.springframework.security.web.authentication.AnonymousAuthenticationFilter@5453020f, org.springframework.security.web.session.SessionManagementFilter@7280785f, org.springframework.security.web.access.ExceptionTranslationFilter@295e9aef, org.springframework.security.web.access.intercept.FilterSecurityInterceptor@388a6656]
2021-08-11 10:44:22,974 INFO  [main] springfox.documentation.spring.web.plugins.DocumentationPluginsBootstrapper : Context refreshed
2021-08-11 10:44:23,028 INFO  [main] springfox.documentation.spring.web.plugins.DocumentationPluginsBootstrapper : Found 1 custom documentation plugin(s)
2021-08-11 10:44:23,073 INFO  [main] springfox.documentation.spring.web.scanners.ApiListingReferenceScanner : Scanning for api listing references
2021-08-11 10:44:23,231 INFO  [main] springfox.documentation.spring.web.readers.operation.CachingOperationNameGenerator : Generating unique operation named: deletePermissionUsingDELETE_1
2021-08-11 10:44:23,254 INFO  [main] springfox.documentation.spring.web.readers.operation.CachingOperationNameGenerator : Generating unique operation named: getPermissionByApplicationIdUsingGET_1
2021-08-11 10:44:23,287 INFO  [main] springfox.documentation.spring.web.readers.operation.CachingOperationNameGenerator : Generating unique operation named: deleteRoleUsingDELETE_1
2021-08-11 10:44:23,341 INFO  [main] com.mids.auth.role.AuthRoleServiceApplicationTests : Started AuthRoleServiceApplicationTests in 15.913 seconds (JVM running for 17.312)
2021-08-11 10:44:23,595 INFO  [SpringApplicationShutdownHook] org.springframework.orm.jpa.LocalContainerEntityManagerFactoryBean : Closing JPA EntityManagerFactory for persistence unit 'default'
2021-08-11 10:44:23,600 INFO  [SpringApplicationShutdownHook] com.zaxxer.hikari.HikariDataSource : HikariPool-1 - Shutdown initiated...
2021-08-11 10:44:23,635 INFO  [SpringApplicationShutdownHook] com.zaxxer.hikari.HikariDataSource : HikariPool-1 - Shutdown completed.
2021-08-11 10:44:36,948 INFO  [main] org.springframework.cloud.config.client.ConfigServicePropertySourceLocator : Fetching config from server at : http://localhost:8888
2021-08-11 10:44:49,082 INFO  [main] org.springframework.cloud.config.client.ConfigServicePropertySourceLocator : Fetching config from server at : http://localhost:8888
2021-08-11 10:44:51,213 INFO  [main] org.springframework.cloud.config.client.ConfigServicePropertySourceLocator : Connect Timeout Exception on Url - http://localhost:8888. Will be trying the next url if available
2021-08-11 10:44:51,214 WARN  [main] org.springframework.cloud.config.client.ConfigServicePropertySourceLocator : Could not locate PropertySource: I/O error on GET request for "http://localhost:8888/application/default": Connection refused: connect; nested exception is java.net.ConnectException: Connection refused: connect
2021-08-11 10:44:51,216 INFO  [main] com.mids.auth.role.AuthRoleServiceApplication : No active profile set, falling back to default profiles: default
2021-08-11 10:44:52,136 INFO  [main] org.springframework.data.repository.config.RepositoryConfigurationDelegate : Bootstrapping Spring Data JPA repositories in DEFAULT mode.
2021-08-11 10:44:52,195 INFO  [main] org.springframework.data.repository.config.RepositoryConfigurationDelegate : Finished Spring Data repository scanning in 52 ms. Found 2 JPA repository interfaces.
2021-08-11 10:44:52,425 INFO  [main] org.springframework.cloud.context.scope.GenericScope : BeanFactory id=bcdc7fe0-2ed6-3241-92a0-77021e90237a
2021-08-11 10:44:52,571 INFO  [main] org.springframework.context.support.PostProcessorRegistrationDelegate$BeanPostProcessorChecker : Bean 'org.springframework.security.access.expression.method.DefaultMethodSecurityExpressionHandler@159ac15f' of type [org.springframework.security.oauth2.provider.expression.OAuth2MethodSecurityExpressionHandler] is not eligible for getting processed by all BeanPostProcessors (for example: not eligible for auto-proxying)
2021-08-11 10:44:52,576 INFO  [main] org.springframework.context.support.PostProcessorRegistrationDelegate$BeanPostProcessorChecker : Bean 'methodSecurityMetadataSource' of type [org.springframework.security.access.method.DelegatingMethodSecurityMetadataSource] is not eligible for getting processed by all BeanPostProcessors (for example: not eligible for auto-proxying)
2021-08-11 10:44:52,834 INFO  [main] org.springframework.boot.web.embedded.tomcat.TomcatWebServer : Tomcat initialized with port(s): 8080 (http)
2021-08-11 10:44:52,846 INFO  [main] org.apache.catalina.core.StandardService : Starting service [Tomcat]
2021-08-11 10:44:52,847 INFO  [main] org.apache.catalina.core.StandardEngine : Starting Servlet engine: [Apache Tomcat/9.0.50]
2021-08-11 10:44:53,030 INFO  [main] org.apache.catalina.core.ContainerBase.[Tomcat].[localhost].[/] : Initializing Spring embedded WebApplicationContext
2021-08-11 10:44:53,031 INFO  [main] org.springframework.boot.web.servlet.context.ServletWebServerApplicationContext : Root WebApplicationContext: initialization completed in 1800 ms
2021-08-11 10:44:53,172 INFO  [main] com.zaxxer.hikari.HikariDataSource : HikariPool-1 - Starting...
2021-08-11 10:44:53,389 INFO  [main] com.zaxxer.hikari.HikariDataSource : HikariPool-1 - Start completed.
2021-08-11 10:44:54,174 INFO  [main] liquibase.lockservice : Successfully acquired change log lock
2021-08-11 10:44:54,445 INFO  [main] liquibase.changelog : Reading from public.databasechangelog
2021-08-11 10:44:54,470 INFO  [main] liquibase.lockservice : Successfully released change log lock
2021-08-11 10:44:54,474 INFO  [main] liquibase.lockservice : Successfully acquired change log lock
2021-08-11 10:44:54,475 WARN  [main] liquibase.hub : Skipping auto-registration
2021-08-11 10:44:54,482 INFO  [main] liquibase.lockservice : Successfully released change log lock
2021-08-11 10:44:55,971 INFO  [main] org.springframework.orm.jpa.LocalContainerEntityManagerFactoryBean : Initialized JPA EntityManagerFactory for persistence unit 'default'
2021-08-11 10:44:56,019 WARN  [main] org.springframework.boot.autoconfigure.orm.jpa.JpaBaseConfiguration$JpaWebConfiguration : spring.jpa.open-in-view is enabled by default. Therefore, database queries may be performed during view rendering. Explicitly configure spring.jpa.open-in-view to disable this warning
2021-08-11 10:44:56,931 INFO  [main] springfox.documentation.spring.web.PropertySourcedRequestMappingHandlerMapping : Mapped URL path [/v2/api-docs] onto method [springfox.documentation.swagger2.web.Swagger2Controller#getDocumentation(String, HttpServletRequest)]
2021-08-11 10:44:57,015 INFO  [main] org.springframework.boot.autoconfigure.security.servlet.UserDetailsServiceAutoConfiguration : 

Using generated security password: 8bfa6dca-c4c0-46a3-9ff3-a213041e9ba7

2021-08-11 10:44:57,225 INFO  [main] org.springframework.security.web.DefaultSecurityFilterChain : Will secure any request with [org.springframework.security.web.context.request.async.WebAsyncManagerIntegrationFilter@2154de40, org.springframework.security.web.context.SecurityContextPersistenceFilter@71d2bc34, org.springframework.security.web.header.HeaderWriterFilter@7c9d2ed7, org.springframework.web.filter.CorsFilter@41a940a9, org.springframework.security.web.authentication.logout.LogoutFilter@6a9861de, org.springframework.security.web.savedrequest.RequestCacheAwareFilter@1dc37d4f, org.springframework.security.web.servletapi.SecurityContextHolderAwareRequestFilter@20072ff1, org.springframework.security.web.authentication.AnonymousAuthenticationFilter@423e35f0, org.springframework.security.web.session.SessionManagementFilter@2c634c0, org.springframework.security.web.access.ExceptionTranslationFilter@6ec5c4e2, org.springframework.security.web.access.intercept.FilterSecurityInterceptor@2c9616bb]
2021-08-11 10:44:58,134 WARN  [main] org.springframework.boot.web.servlet.context.AnnotationConfigServletWebServerApplicationContext : Exception encountered during context initialization - cancelling refresh attempt: org.springframework.context.ApplicationContextException: Failed to start bean 'webServerStartStop'; nested exception is org.springframework.boot.web.server.PortInUseException: Port 8080 is already in use
2021-08-11 10:44:58,139 INFO  [main] org.springframework.orm.jpa.LocalContainerEntityManagerFactoryBean : Closing JPA EntityManagerFactory for persistence unit 'default'
2021-08-11 10:44:58,141 INFO  [main] com.zaxxer.hikari.HikariDataSource : HikariPool-1 - Shutdown initiated...
2021-08-11 10:44:58,152 INFO  [main] com.zaxxer.hikari.HikariDataSource : HikariPool-1 - Shutdown completed.
2021-08-11 10:44:58,155 INFO  [main] org.apache.catalina.core.StandardService : Stopping service [Tomcat]
2021-08-11 10:44:58,176 INFO  [main] org.springframework.boot.autoconfigure.logging.ConditionEvaluationReportLoggingListener : 

Error starting ApplicationContext. To display the conditions report re-run your application with 'debug' enabled.
2021-08-11 10:44:58,193 ERROR [main] org.springframework.boot.diagnostics.LoggingFailureAnalysisReporter : 

***************************
APPLICATION FAILED TO START
***************************

Description:

Web server failed to start. Port 8080 was already in use.

Action:

Identify and stop the process that's listening on port 8080 or configure this application to listen on another port.

2021-08-11 10:45:58,178 INFO  [main] org.springframework.cloud.config.client.ConfigServicePropertySourceLocator : Fetching config from server at : http://localhost:8888
2021-08-11 10:46:00,292 INFO  [main] org.springframework.cloud.config.client.ConfigServicePropertySourceLocator : Connect Timeout Exception on Url - http://localhost:8888. Will be trying the next url if available
2021-08-11 10:46:00,293 WARN  [main] org.springframework.cloud.config.client.ConfigServicePropertySourceLocator : Could not locate PropertySource: I/O error on GET request for "http://localhost:8888/application/default": Connection refused: connect; nested exception is java.net.ConnectException: Connection refused: connect
2021-08-11 10:46:00,297 INFO  [main] com.mids.auth.role.AuthRoleServiceApplication : No active profile set, falling back to default profiles: default
2021-08-11 10:46:01,178 INFO  [main] org.springframework.data.repository.config.RepositoryConfigurationDelegate : Bootstrapping Spring Data JPA repositories in DEFAULT mode.
2021-08-11 10:46:01,236 INFO  [main] org.springframework.data.repository.config.RepositoryConfigurationDelegate : Finished Spring Data repository scanning in 50 ms. Found 2 JPA repository interfaces.
2021-08-11 10:46:01,465 INFO  [main] org.springframework.cloud.context.scope.GenericScope : BeanFactory id=bcdc7fe0-2ed6-3241-92a0-77021e90237a
2021-08-11 10:46:01,612 INFO  [main] org.springframework.context.support.PostProcessorRegistrationDelegate$BeanPostProcessorChecker : Bean 'org.springframework.security.access.expression.method.DefaultMethodSecurityExpressionHandler@7159d601' of type [org.springframework.security.oauth2.provider.expression.OAuth2MethodSecurityExpressionHandler] is not eligible for getting processed by all BeanPostProcessors (for example: not eligible for auto-proxying)
2021-08-11 10:46:01,617 INFO  [main] org.springframework.context.support.PostProcessorRegistrationDelegate$BeanPostProcessorChecker : Bean 'methodSecurityMetadataSource' of type [org.springframework.security.access.method.DelegatingMethodSecurityMetadataSource] is not eligible for getting processed by all BeanPostProcessors (for example: not eligible for auto-proxying)
2021-08-11 10:46:01,883 INFO  [main] org.springframework.boot.web.embedded.tomcat.TomcatWebServer : Tomcat initialized with port(s): 8080 (http)
2021-08-11 10:46:01,905 INFO  [main] org.apache.catalina.core.StandardService : Starting service [Tomcat]
2021-08-11 10:46:01,906 INFO  [main] org.apache.catalina.core.StandardEngine : Starting Servlet engine: [Apache Tomcat/9.0.50]
2021-08-11 10:46:02,064 INFO  [main] org.apache.catalina.core.ContainerBase.[Tomcat].[localhost].[/] : Initializing Spring embedded WebApplicationContext
2021-08-11 10:46:02,064 INFO  [main] org.springframework.boot.web.servlet.context.ServletWebServerApplicationContext : Root WebApplicationContext: initialization completed in 1749 ms
2021-08-11 10:46:02,197 INFO  [main] com.zaxxer.hikari.HikariDataSource : HikariPool-1 - Starting...
2021-08-11 10:46:02,390 INFO  [main] com.zaxxer.hikari.HikariDataSource : HikariPool-1 - Start completed.
2021-08-11 10:46:03,158 INFO  [main] liquibase.lockservice : Successfully acquired change log lock
2021-08-11 10:46:03,412 INFO  [main] liquibase.changelog : Reading from public.databasechangelog
2021-08-11 10:46:03,442 INFO  [main] liquibase.lockservice : Successfully released change log lock
2021-08-11 10:46:03,448 INFO  [main] liquibase.lockservice : Successfully acquired change log lock
2021-08-11 10:46:03,449 WARN  [main] liquibase.hub : Skipping auto-registration
2021-08-11 10:46:03,455 INFO  [main] liquibase.lockservice : Successfully released change log lock
2021-08-11 10:46:04,871 INFO  [main] org.springframework.orm.jpa.LocalContainerEntityManagerFactoryBean : Initialized JPA EntityManagerFactory for persistence unit 'default'
2021-08-11 10:46:04,931 WARN  [main] org.springframework.boot.autoconfigure.orm.jpa.JpaBaseConfiguration$JpaWebConfiguration : spring.jpa.open-in-view is enabled by default. Therefore, database queries may be performed during view rendering. Explicitly configure spring.jpa.open-in-view to disable this warning
2021-08-11 10:46:05,841 INFO  [main] springfox.documentation.spring.web.PropertySourcedRequestMappingHandlerMapping : Mapped URL path [/v2/api-docs] onto method [springfox.documentation.swagger2.web.Swagger2Controller#getDocumentation(String, HttpServletRequest)]
2021-08-11 10:46:05,923 INFO  [main] org.springframework.boot.autoconfigure.security.servlet.UserDetailsServiceAutoConfiguration : 

Using generated security password: 1c94c4b4-e65e-4e64-9bfc-9f5a4a32a635

2021-08-11 10:46:06,136 INFO  [main] org.springframework.security.web.DefaultSecurityFilterChain : Will secure any request with [org.springframework.security.web.context.request.async.WebAsyncManagerIntegrationFilter@139a97e7, org.springframework.security.web.context.SecurityContextPersistenceFilter@4a592d22, org.springframework.security.web.header.HeaderWriterFilter@bd8f424, org.springframework.web.filter.CorsFilter@18bd3135, org.springframework.security.web.authentication.logout.LogoutFilter@3b67c637, org.springframework.security.web.savedrequest.RequestCacheAwareFilter@6e48b9ed, org.springframework.security.web.servletapi.SecurityContextHolderAwareRequestFilter@5b1dd206, org.springframework.security.web.authentication.AnonymousAuthenticationFilter@2b1f0667, org.springframework.security.web.session.SessionManagementFilter@5d96b0f, org.springframework.security.web.access.ExceptionTranslationFilter@301608d, org.springframework.security.web.access.intercept.FilterSecurityInterceptor@41185195]
2021-08-11 10:46:07,089 INFO  [main] org.springframework.boot.web.embedded.tomcat.TomcatWebServer : Tomcat started on port(s): 8080 (http) with context path ''
2021-08-11 10:46:07,633 INFO  [main] springfox.documentation.spring.web.plugins.DocumentationPluginsBootstrapper : Context refreshed
2021-08-11 10:46:07,656 INFO  [main] springfox.documentation.spring.web.plugins.DocumentationPluginsBootstrapper : Found 1 custom documentation plugin(s)
2021-08-11 10:46:07,695 INFO  [main] springfox.documentation.spring.web.scanners.ApiListingReferenceScanner : Scanning for api listing references
2021-08-11 10:46:07,810 INFO  [main] springfox.documentation.spring.web.readers.operation.CachingOperationNameGenerator : Generating unique operation named: deletePermissionUsingDELETE_1
2021-08-11 10:46:07,826 INFO  [main] springfox.documentation.spring.web.readers.operation.CachingOperationNameGenerator : Generating unique operation named: getPermissionByApplicationIdUsingGET_1
2021-08-11 10:46:07,846 INFO  [main] springfox.documentation.spring.web.readers.operation.CachingOperationNameGenerator : Generating unique operation named: deleteRoleUsingDELETE_1
2021-08-11 10:46:07,878 INFO  [main] com.mids.auth.role.AuthRoleServiceApplication : Started AuthRoleServiceApplication in 11.773 seconds (JVM running for 13.027)
2021-08-11 10:46:18,910 INFO  [http-nio-8080-exec-1] org.apache.catalina.core.ContainerBase.[Tomcat].[localhost].[/] : Initializing Spring DispatcherServlet 'dispatcherServlet'
2021-08-11 10:46:19,118 ERROR [http-nio-8080-exec-1] com.mids.auth.role.exception.GlobalExceptionHandler : Could not commit JPA transaction; nested exception is javax.persistence.RollbackException: Error while committing the transaction
2021-08-11 10:47:03,036 ERROR [http-nio-8080-exec-4] com.mids.auth.role.exception.GlobalExceptionHandler : HV000030: No validator could be found for constraint 'javax.validation.constraints.NotBlank' validating type 'java.util.UUID'. Check configuration for 'role'
2021-08-11 10:48:12,399 INFO  [RMI TCP Connection(7)-127.0.0.1] org.springframework.boot.admin.SpringApplicationAdminMXBeanRegistrar$SpringApplicationAdmin : Application shutdown requested.
2021-08-11 10:48:12,763 INFO  [RMI TCP Connection(7)-127.0.0.1] org.apache.catalina.core.StandardService : Stopping service [Tomcat]
2021-08-11 10:48:12,766 INFO  [RMI TCP Connection(7)-127.0.0.1] org.apache.catalina.core.ContainerBase.[Tomcat].[localhost].[/] : Destroying Spring FrameworkServlet 'dispatcherServlet'
2021-08-11 10:48:12,782 INFO  [RMI TCP Connection(7)-127.0.0.1] org.springframework.orm.jpa.LocalContainerEntityManagerFactoryBean : Closing JPA EntityManagerFactory for persistence unit 'default'
2021-08-11 10:48:12,785 INFO  [RMI TCP Connection(7)-127.0.0.1] com.zaxxer.hikari.HikariDataSource : HikariPool-1 - Shutdown initiated...
2021-08-11 10:48:12,798 INFO  [RMI TCP Connection(7)-127.0.0.1] com.zaxxer.hikari.HikariDataSource : HikariPool-1 - Shutdown completed.
2021-08-11 10:49:58,078 INFO  [main] org.springframework.cloud.config.client.ConfigServicePropertySourceLocator : Fetching config from server at : http://localhost:8888
2021-08-11 10:50:00,271 INFO  [main] org.springframework.cloud.config.client.ConfigServicePropertySourceLocator : Connect Timeout Exception on Url - http://localhost:8888. Will be trying the next url if available
2021-08-11 10:50:00,272 WARN  [main] org.springframework.cloud.config.client.ConfigServicePropertySourceLocator : Could not locate PropertySource: I/O error on GET request for "http://localhost:8888/application/default": Connection refused: connect; nested exception is java.net.ConnectException: Connection refused: connect
2021-08-11 10:50:00,286 INFO  [main] com.mids.auth.role.AuthRoleServiceApplicationTests : No active profile set, falling back to default profiles: default
2021-08-11 10:50:01,881 INFO  [main] org.springframework.data.repository.config.RepositoryConfigurationDelegate : Bootstrapping Spring Data JPA repositories in DEFAULT mode.
2021-08-11 10:50:01,959 INFO  [main] org.springframework.data.repository.config.RepositoryConfigurationDelegate : Finished Spring Data repository scanning in 69 ms. Found 2 JPA repository interfaces.
2021-08-11 10:50:02,324 INFO  [main] org.springframework.cloud.context.scope.GenericScope : BeanFactory id=41c9cece-dd61-3fd9-9df4-c5dada21bfeb
2021-08-11 10:50:02,701 INFO  [main] org.springframework.context.support.PostProcessorRegistrationDelegate$BeanPostProcessorChecker : Bean 'org.springframework.security.access.expression.method.DefaultMethodSecurityExpressionHandler@360d41d0' of type [org.springframework.security.oauth2.provider.expression.OAuth2MethodSecurityExpressionHandler] is not eligible for getting processed by all BeanPostProcessors (for example: not eligible for auto-proxying)
2021-08-11 10:50:02,718 INFO  [main] org.springframework.context.support.PostProcessorRegistrationDelegate$BeanPostProcessorChecker : Bean 'methodSecurityMetadataSource' of type [org.springframework.security.access.method.DelegatingMethodSecurityMetadataSource] is not eligible for getting processed by all BeanPostProcessors (for example: not eligible for auto-proxying)
2021-08-11 10:50:02,972 INFO  [main] com.zaxxer.hikari.HikariDataSource : HikariPool-1 - Starting...
2021-08-11 10:50:03,775 INFO  [main] com.zaxxer.hikari.HikariDataSource : HikariPool-1 - Start completed.
2021-08-11 10:50:04,892 INFO  [main] liquibase.lockservice : Successfully acquired change log lock
2021-08-11 10:50:05,454 INFO  [main] liquibase.changelog : Reading from public.databasechangelog
2021-08-11 10:50:05,512 INFO  [main] liquibase.lockservice : Successfully released change log lock
2021-08-11 10:50:05,523 INFO  [main] liquibase.lockservice : Successfully acquired change log lock
2021-08-11 10:50:05,525 WARN  [main] liquibase.hub : Skipping auto-registration
2021-08-11 10:50:05,543 INFO  [main] liquibase.lockservice : Successfully released change log lock
2021-08-11 10:50:07,646 INFO  [main] org.springframework.orm.jpa.LocalContainerEntityManagerFactoryBean : Initialized JPA EntityManagerFactory for persistence unit 'default'
2021-08-11 10:50:07,744 WARN  [main] org.springframework.boot.autoconfigure.orm.jpa.JpaBaseConfiguration$JpaWebConfiguration : spring.jpa.open-in-view is enabled by default. Therefore, database queries may be performed during view rendering. Explicitly configure spring.jpa.open-in-view to disable this warning
2021-08-11 10:50:09,253 INFO  [main] springfox.documentation.spring.web.PropertySourcedRequestMappingHandlerMapping : Mapped URL path [/v2/api-docs] onto method [springfox.documentation.swagger2.web.Swagger2Controller#getDocumentation(String, HttpServletRequest)]
2021-08-11 10:50:09,405 INFO  [main] org.springframework.boot.autoconfigure.security.servlet.UserDetailsServiceAutoConfiguration : 

Using generated security password: 0d17959b-72be-4bea-9e46-1cbad178bed3

2021-08-11 10:50:09,780 INFO  [main] org.springframework.security.web.DefaultSecurityFilterChain : Will secure any request with [org.springframework.security.web.context.request.async.WebAsyncManagerIntegrationFilter@46875fae, org.springframework.security.web.context.SecurityContextPersistenceFilter@466d6ea5, org.springframework.security.web.header.HeaderWriterFilter@1626612d, org.springframework.web.filter.CorsFilter@5b3f0552, org.springframework.security.web.authentication.logout.LogoutFilter@4ceac22d, org.springframework.security.web.savedrequest.RequestCacheAwareFilter@52d202f0, org.springframework.security.web.servletapi.SecurityContextHolderAwareRequestFilter@58885a2e, org.springframework.security.web.authentication.AnonymousAuthenticationFilter@432fca40, org.springframework.security.web.session.SessionManagementFilter@2ddb260e, org.springframework.security.web.access.ExceptionTranslationFilter@21b508a0, org.springframework.security.web.access.intercept.FilterSecurityInterceptor@5d8edf2]
2021-08-11 10:50:11,131 INFO  [main] springfox.documentation.spring.web.plugins.DocumentationPluginsBootstrapper : Context refreshed
2021-08-11 10:50:11,159 INFO  [main] springfox.documentation.spring.web.plugins.DocumentationPluginsBootstrapper : Found 1 custom documentation plugin(s)
2021-08-11 10:50:11,215 INFO  [main] springfox.documentation.spring.web.scanners.ApiListingReferenceScanner : Scanning for api listing references
2021-08-11 10:50:11,357 INFO  [main] springfox.documentation.spring.web.readers.operation.CachingOperationNameGenerator : Generating unique operation named: deletePermissionUsingDELETE_1
2021-08-11 10:50:11,375 INFO  [main] springfox.documentation.spring.web.readers.operation.CachingOperationNameGenerator : Generating unique operation named: getPermissionByApplicationIdUsingGET_1
2021-08-11 10:50:11,399 INFO  [main] springfox.documentation.spring.web.readers.operation.CachingOperationNameGenerator : Generating unique operation named: deleteRoleUsingDELETE_1
2021-08-11 10:50:11,433 INFO  [main] com.mids.auth.role.AuthRoleServiceApplicationTests : Started AuthRoleServiceApplicationTests in 15.712 seconds (JVM running for 17.275)
2021-08-11 10:50:11,656 INFO  [SpringApplicationShutdownHook] org.springframework.orm.jpa.LocalContainerEntityManagerFactoryBean : Closing JPA EntityManagerFactory for persistence unit 'default'
2021-08-11 10:50:11,660 INFO  [SpringApplicationShutdownHook] com.zaxxer.hikari.HikariDataSource : HikariPool-1 - Shutdown initiated...
2021-08-11 10:50:11,673 INFO  [SpringApplicationShutdownHook] com.zaxxer.hikari.HikariDataSource : HikariPool-1 - Shutdown completed.
2021-08-11 10:50:26,803 INFO  [main] org.springframework.cloud.config.client.ConfigServicePropertySourceLocator : Fetching config from server at : http://localhost:8888
2021-08-11 10:50:28,939 INFO  [main] org.springframework.cloud.config.client.ConfigServicePropertySourceLocator : Connect Timeout Exception on Url - http://localhost:8888. Will be trying the next url if available
2021-08-11 10:50:28,939 WARN  [main] org.springframework.cloud.config.client.ConfigServicePropertySourceLocator : Could not locate PropertySource: I/O error on GET request for "http://localhost:8888/application/default": Connection refused: connect; nested exception is java.net.ConnectException: Connection refused: connect
2021-08-11 10:50:28,942 INFO  [main] com.mids.auth.role.AuthRoleServiceApplication : No active profile set, falling back to default profiles: default
2021-08-11 10:50:29,876 INFO  [main] org.springframework.data.repository.config.RepositoryConfigurationDelegate : Bootstrapping Spring Data JPA repositories in DEFAULT mode.
2021-08-11 10:50:29,937 INFO  [main] org.springframework.data.repository.config.RepositoryConfigurationDelegate : Finished Spring Data repository scanning in 53 ms. Found 2 JPA repository interfaces.
2021-08-11 10:50:30,183 INFO  [main] org.springframework.cloud.context.scope.GenericScope : BeanFactory id=9fc776e1-77c4-33f8-a6c3-869c37ecf255
2021-08-11 10:50:30,320 INFO  [main] org.springframework.context.support.PostProcessorRegistrationDelegate$BeanPostProcessorChecker : Bean 'org.springframework.security.access.expression.method.DefaultMethodSecurityExpressionHandler@134a8ead' of type [org.springframework.security.oauth2.provider.expression.OAuth2MethodSecurityExpressionHandler] is not eligible for getting processed by all BeanPostProcessors (for example: not eligible for auto-proxying)
2021-08-11 10:50:30,325 INFO  [main] org.springframework.context.support.PostProcessorRegistrationDelegate$BeanPostProcessorChecker : Bean 'methodSecurityMetadataSource' of type [org.springframework.security.access.method.DelegatingMethodSecurityMetadataSource] is not eligible for getting processed by all BeanPostProcessors (for example: not eligible for auto-proxying)
2021-08-11 10:50:30,603 INFO  [main] org.springframework.boot.web.embedded.tomcat.TomcatWebServer : Tomcat initialized with port(s): 8080 (http)
2021-08-11 10:50:30,613 INFO  [main] org.apache.catalina.core.StandardService : Starting service [Tomcat]
2021-08-11 10:50:30,614 INFO  [main] org.apache.catalina.core.StandardEngine : Starting Servlet engine: [Apache Tomcat/9.0.50]
2021-08-11 10:50:30,775 INFO  [main] org.apache.catalina.core.ContainerBase.[Tomcat].[localhost].[/] : Initializing Spring embedded WebApplicationContext
2021-08-11 10:50:30,776 INFO  [main] org.springframework.boot.web.servlet.context.ServletWebServerApplicationContext : Root WebApplicationContext: initialization completed in 1815 ms
2021-08-11 10:50:30,908 INFO  [main] com.zaxxer.hikari.HikariDataSource : HikariPool-1 - Starting...
2021-08-11 10:50:31,135 INFO  [main] com.zaxxer.hikari.HikariDataSource : HikariPool-1 - Start completed.
2021-08-11 10:50:31,911 INFO  [main] liquibase.lockservice : Successfully acquired change log lock
2021-08-11 10:50:32,233 INFO  [main] liquibase.changelog : Reading from public.databasechangelog
2021-08-11 10:50:32,269 INFO  [main] liquibase.lockservice : Successfully released change log lock
2021-08-11 10:50:32,274 INFO  [main] liquibase.lockservice : Successfully acquired change log lock
2021-08-11 10:50:32,275 WARN  [main] liquibase.hub : Skipping auto-registration
2021-08-11 10:50:32,280 INFO  [main] liquibase.lockservice : Successfully released change log lock
2021-08-11 10:50:33,805 INFO  [main] org.springframework.orm.jpa.LocalContainerEntityManagerFactoryBean : Initialized JPA EntityManagerFactory for persistence unit 'default'
2021-08-11 10:50:33,858 WARN  [main] org.springframework.boot.autoconfigure.orm.jpa.JpaBaseConfiguration$JpaWebConfiguration : spring.jpa.open-in-view is enabled by default. Therefore, database queries may be performed during view rendering. Explicitly configure spring.jpa.open-in-view to disable this warning
2021-08-11 10:50:34,798 INFO  [main] springfox.documentation.spring.web.PropertySourcedRequestMappingHandlerMapping : Mapped URL path [/v2/api-docs] onto method [springfox.documentation.swagger2.web.Swagger2Controller#getDocumentation(String, HttpServletRequest)]
2021-08-11 10:50:34,882 INFO  [main] org.springframework.boot.autoconfigure.security.servlet.UserDetailsServiceAutoConfiguration : 

Using generated security password: 7a78c32e-bae8-4ed4-b11d-c9e09b1364d3

2021-08-11 10:50:35,110 INFO  [main] org.springframework.security.web.DefaultSecurityFilterChain : Will secure any request with [org.springframework.security.web.context.request.async.WebAsyncManagerIntegrationFilter@5a2ce458, org.springframework.security.web.context.SecurityContextPersistenceFilter@2787abe4, org.springframework.security.web.header.HeaderWriterFilter@25a2a71d, org.springframework.web.filter.CorsFilter@1c8e1233, org.springframework.security.web.authentication.logout.LogoutFilter@1b7c1c6f, org.springframework.security.web.savedrequest.RequestCacheAwareFilter@41ff98dc, org.springframework.security.web.servletapi.SecurityContextHolderAwareRequestFilter@3f4b59fd, org.springframework.security.web.authentication.AnonymousAuthenticationFilter@72117fc0, org.springframework.security.web.session.SessionManagementFilter@2fba15c5, org.springframework.security.web.access.ExceptionTranslationFilter@56929ce, org.springframework.security.web.access.intercept.FilterSecurityInterceptor@d436e51]
2021-08-11 10:50:36,085 INFO  [main] org.springframework.boot.web.embedded.tomcat.TomcatWebServer : Tomcat started on port(s): 8080 (http) with context path ''
2021-08-11 10:50:36,652 INFO  [main] springfox.documentation.spring.web.plugins.DocumentationPluginsBootstrapper : Context refreshed
2021-08-11 10:50:36,677 INFO  [main] springfox.documentation.spring.web.plugins.DocumentationPluginsBootstrapper : Found 1 custom documentation plugin(s)
2021-08-11 10:50:36,728 INFO  [main] springfox.documentation.spring.web.scanners.ApiListingReferenceScanner : Scanning for api listing references
2021-08-11 10:50:36,852 INFO  [main] springfox.documentation.spring.web.readers.operation.CachingOperationNameGenerator : Generating unique operation named: deletePermissionUsingDELETE_1
2021-08-11 10:50:36,868 INFO  [main] springfox.documentation.spring.web.readers.operation.CachingOperationNameGenerator : Generating unique operation named: getPermissionByApplicationIdUsingGET_1
2021-08-11 10:50:36,893 INFO  [main] springfox.documentation.spring.web.readers.operation.CachingOperationNameGenerator : Generating unique operation named: deleteRoleUsingDELETE_1
2021-08-11 10:50:36,926 INFO  [main] com.mids.auth.role.AuthRoleServiceApplication : Started AuthRoleServiceApplication in 12.303 seconds (JVM running for 13.727)
2021-08-11 10:50:48,797 INFO  [http-nio-8080-exec-2] org.apache.catalina.core.ContainerBase.[Tomcat].[localhost].[/] : Initializing Spring DispatcherServlet 'dispatcherServlet'
